<?xml version="1.0" encoding="UTF-8"?>
<!-- Generated by org.testng.reporters.JUnitReportReporter -->
<testsuite hostname="AKA" failures="0" tests="2" name="com.qa.example.tests.CustomerInfoPageTests" time="5.310" errors="0" timestamp="2023-12-12T23:40:32 CST" skipped="0">
  <testcase classname="com.qa.example.tests.CustomerInfoPageTests" name="selectProduct" time="1.715"/>
  <system-out/>
  <testcase classname="com.qa.example.tests.CustomerInfoPageTests" name="ZenterCustomerInfoTest" time="3.595"/>
  <system-out/>
</testsuite> <!-- com.qa.example.tests.CustomerInfoPageTests -->
