<?xml version="1.0" encoding="UTF-8"?>
<!-- Generated by org.testng.reporters.JUnitReportReporter -->
<testsuite hostname="AKA" failures="0" tests="1" name="com.qa.example.tests.CartPageTests" time="1.797" errors="0" timestamp="2023-12-12T19:47:50 CST" skipped="0">
  <testcase classname="com.qa.example.tests.CartPageTests" name="productIntheCartTest" time="1.797"/>
  <system-out/>
</testsuite> <!-- com.qa.example.tests.CartPageTests -->
